<?xml version="1.0" encoding="UTF-8"?>
<testsuites name="Data_Locate" time="61.837" tests="4" failures="0" errors="0">
   <testsuite name="Data_Locate" tests="4" failures="0" errors="0" time="61.837" skipped="0" timestamp="2023-06-17 12:01:07" hostname="USER - DESKTOP-CV682CL" id="Test Suites/Locate/Data_Locate">
      <properties>
         <property name="deviceName" value=""/>
         <property name="devicePlatform" value=""/>
         <property name="logFolder" value="C:\\Users\\USER\\Katalon Studio\\UI Automation\\Reports\\20230617_120057\\Locate\\Data_Locate\\20230617_120057"/>
         <property name="logFiles" value="C:\\Users\\USER\\Katalon Studio\\UI Automation\\Reports\\20230617_120057\\Locate\\Data_Locate\\20230617_120057\\execution0.log"/>
         <property name="attachments" value=""/>
         <property name="hostName" value="USER - DESKTOP-CV682CL"/>
         <property name="os" value="Windows 10 64bit"/>
         <property name="katalonVersion" value="8.6.5.208"/>
         <property name="browser" value="Chrome 114.0.0.0"/>
         <property name="hostAddress" value="192.168.43.16"/>
         <property name="sessionId" value="381a1b71f44202c15c25b9246b278414"/>
         <property name="seleniumVersion" value="3.141.59"/>
         <property name="proxyInformation" value="ProxyInformation { proxyOption=NO_PROXY, proxyServerType=HTTP, username=, password=********, proxyServerAddress=, proxyServerPort=0, executionList=&quot;&quot;, isApplyToDesiredCapabilities=true }"/>
         <property name="platform" value="Windows 10"/>
      </properties>
      <testcase name="Test Cases/TC001" time="16.769" classname="Test Cases/TC001" status="PASSED">
         <system-out><![CDATA[2023-06-17 12:01:07 - [TEST_CASE][PASSED] - Test Cases/TC001: Test Cases/TC001

2023-06-17 12:01:07 - [TEST_STEP][PASSED] - openBrowser(""): Browser is opened with url: ''

2023-06-17 12:01:08 - [MESSAGE][INFO] - Starting 'Chrome' driver

2023-06-17 12:01:08 - [MESSAGE][INFO] - Action delay is set to 0 milliseconds

2023-06-17 12:01:10 - [MESSAGE][PASSED] - Browser is opened with url: ''

2023-06-17 12:01:10 - [TEST_STEP][PASSED] - navigateToUrl("https://www.service.nsw.gov.au/"): Navigate to 'https://www.service.nsw.gov.au/' successfully

2023-06-17 12:01:13 - [MESSAGE][PASSED] - Navigate to 'https://www.service.nsw.gov.au/' successfully

2023-06-17 12:01:13 - [TEST_STEP][PASSED] - setText(findTestObject("Object Repository/Page_Home  Service NSW/input_Service NSW makes it easier to find g_bdb6ca"), "Apply for a number plate"): Text 'Apply for a number plate' is set on object 'Object Repository/Page_Home  Service NSW/input_Service NSW makes it easier to find g_bdb6ca'

2023-06-17 12:01:14 - [MESSAGE][PASSED] - Text 'Apply for a number plate' is set on object 'Object Repository/Page_Home  Service NSW/input_Service NSW makes it easier to find g_bdb6ca'

2023-06-17 12:01:14 - [TEST_STEP][PASSED] - click(findTestObject("Object Repository/Page_Home  Service NSW/button_apply for a number plate_button butt_2c4e78")): Object: 'Object Repository/Page_Home  Service NSW/button_apply for a number plate_button butt_2c4e78' is clicked on

2023-06-17 12:01:19 - [MESSAGE][PASSED] - Object: 'Object Repository/Page_Home  Service NSW/button_apply for a number plate_button butt_2c4e78' is clicked on

2023-06-17 12:01:19 - [TEST_STEP][PASSED] - click(findTestObject("Object Repository/Page_Search  Service NSW/a_Find locations")): Object: 'Object Repository/Page_Search  Service NSW/a_Find locations' is clicked on

2023-06-17 12:01:21 - [MESSAGE][PASSED] - Object: 'Object Repository/Page_Search  Service NSW/a_Find locations' is clicked on

2023-06-17 12:01:21 - [TEST_STEP][PASSED] - setText(findTestObject("Object Repository/Page_Find a Service NSW location  Service NSW/InputSearch"), ""): Text '' is set on object 'Object Repository/Page_Find a Service NSW location  Service NSW/InputSearch'

2023-06-17 12:01:22 - [MESSAGE][PASSED] - Text '' is set on object 'Object Repository/Page_Find a Service NSW location  Service NSW/InputSearch'

2023-06-17 12:01:22 - [TEST_STEP][PASSED] - click(findTestObject("Object Repository/Page_Find a Service NSW location  Service NSW/button_Sydney Olympic Park 2127_button butt_9c60bd")): Object: 'Object Repository/Page_Find a Service NSW location  Service NSW/button_Sydney Olympic Park 2127_button butt_9c60bd' is clicked on

2023-06-17 12:01:23 - [MESSAGE][PASSED] - Object: 'Object Repository/Page_Find a Service NSW location  Service NSW/button_Sydney Olympic Park 2127_button butt_9c60bd' is clicked on

2023-06-17 12:01:23 - [TEST_STEP][PASSED] - closeBrowser(): Browser is closed

2023-06-17 12:01:24 - [MESSAGE][PASSED] - Browser is closed]]></system-out>
         <system-err><![CDATA[]]></system-err>
      </testcase>
      <testcase name="Test Cases/TC001" time="14.812" classname="Test Cases/TC001" status="PASSED">
         <system-out><![CDATA[2023-06-17 12:01:24 - [TEST_CASE][PASSED] - Test Cases/TC001: Test Cases/TC001

2023-06-17 12:01:24 - [TEST_STEP][PASSED] - openBrowser(""): Browser is opened with url: ''

2023-06-17 12:01:24 - [MESSAGE][INFO] - Starting 'Chrome' driver

2023-06-17 12:01:24 - [MESSAGE][INFO] - Action delay is set to 0 milliseconds

2023-06-17 12:01:25 - [MESSAGE][PASSED] - Browser is opened with url: ''

2023-06-17 12:01:25 - [TEST_STEP][PASSED] - navigateToUrl("https://www.service.nsw.gov.au/"): Navigate to 'https://www.service.nsw.gov.au/' successfully

2023-06-17 12:01:28 - [MESSAGE][PASSED] - Navigate to 'https://www.service.nsw.gov.au/' successfully

2023-06-17 12:01:28 - [TEST_STEP][PASSED] - setText(findTestObject("Object Repository/Page_Home  Service NSW/input_Service NSW makes it easier to find g_bdb6ca"), "Apply for a number plate"): Text 'Apply for a number plate' is set on object 'Object Repository/Page_Home  Service NSW/input_Service NSW makes it easier to find g_bdb6ca'

2023-06-17 12:01:29 - [MESSAGE][PASSED] - Text 'Apply for a number plate' is set on object 'Object Repository/Page_Home  Service NSW/input_Service NSW makes it easier to find g_bdb6ca'

2023-06-17 12:01:29 - [TEST_STEP][PASSED] - click(findTestObject("Object Repository/Page_Home  Service NSW/button_apply for a number plate_button butt_2c4e78")): Object: 'Object Repository/Page_Home  Service NSW/button_apply for a number plate_button butt_2c4e78' is clicked on

2023-06-17 12:01:33 - [MESSAGE][PASSED] - Object: 'Object Repository/Page_Home  Service NSW/button_apply for a number plate_button butt_2c4e78' is clicked on

2023-06-17 12:01:33 - [TEST_STEP][PASSED] - click(findTestObject("Object Repository/Page_Search  Service NSW/a_Find locations")): Object: 'Object Repository/Page_Search  Service NSW/a_Find locations' is clicked on

2023-06-17 12:01:36 - [MESSAGE][PASSED] - Object: 'Object Repository/Page_Search  Service NSW/a_Find locations' is clicked on

2023-06-17 12:01:36 - [TEST_STEP][PASSED] - setText(findTestObject("Object Repository/Page_Find a Service NSW location  Service NSW/InputSearch"), ""): Text '' is set on object 'Object Repository/Page_Find a Service NSW location  Service NSW/InputSearch'

2023-06-17 12:01:37 - [MESSAGE][PASSED] - Text '' is set on object 'Object Repository/Page_Find a Service NSW location  Service NSW/InputSearch'

2023-06-17 12:01:37 - [TEST_STEP][PASSED] - click(findTestObject("Object Repository/Page_Find a Service NSW location  Service NSW/button_Sydney Olympic Park 2127_button butt_9c60bd")): Object: 'Object Repository/Page_Find a Service NSW location  Service NSW/button_Sydney Olympic Park 2127_button butt_9c60bd' is clicked on

2023-06-17 12:01:38 - [MESSAGE][PASSED] - Object: 'Object Repository/Page_Find a Service NSW location  Service NSW/button_Sydney Olympic Park 2127_button butt_9c60bd' is clicked on

2023-06-17 12:01:38 - [TEST_STEP][PASSED] - closeBrowser(): Browser is closed

2023-06-17 12:01:38 - [MESSAGE][PASSED] - Browser is closed]]></system-out>
         <system-err><![CDATA[]]></system-err>
      </testcase>
      <testcase name="Test Cases/TC001" time="14.992" classname="Test Cases/TC001" status="PASSED">
         <system-out><![CDATA[2023-06-17 12:01:39 - [TEST_CASE][PASSED] - Test Cases/TC001: Test Cases/TC001

2023-06-17 12:01:39 - [TEST_STEP][PASSED] - openBrowser(""): Browser is opened with url: ''

2023-06-17 12:01:39 - [MESSAGE][INFO] - Starting 'Chrome' driver

2023-06-17 12:01:39 - [MESSAGE][INFO] - Action delay is set to 0 milliseconds

2023-06-17 12:01:40 - [MESSAGE][PASSED] - Browser is opened with url: ''

2023-06-17 12:01:40 - [TEST_STEP][PASSED] - navigateToUrl("https://www.service.nsw.gov.au/"): Navigate to 'https://www.service.nsw.gov.au/' successfully

2023-06-17 12:01:43 - [MESSAGE][PASSED] - Navigate to 'https://www.service.nsw.gov.au/' successfully

2023-06-17 12:01:43 - [TEST_STEP][PASSED] - setText(findTestObject("Object Repository/Page_Home  Service NSW/input_Service NSW makes it easier to find g_bdb6ca"), "Apply for a number plate"): Text 'Apply for a number plate' is set on object 'Object Repository/Page_Home  Service NSW/input_Service NSW makes it easier to find g_bdb6ca'

2023-06-17 12:01:44 - [MESSAGE][PASSED] - Text 'Apply for a number plate' is set on object 'Object Repository/Page_Home  Service NSW/input_Service NSW makes it easier to find g_bdb6ca'

2023-06-17 12:01:44 - [TEST_STEP][PASSED] - click(findTestObject("Object Repository/Page_Home  Service NSW/button_apply for a number plate_button butt_2c4e78")): Object: 'Object Repository/Page_Home  Service NSW/button_apply for a number plate_button butt_2c4e78' is clicked on

2023-06-17 12:01:49 - [MESSAGE][PASSED] - Object: 'Object Repository/Page_Home  Service NSW/button_apply for a number plate_button butt_2c4e78' is clicked on

2023-06-17 12:01:49 - [TEST_STEP][PASSED] - click(findTestObject("Object Repository/Page_Search  Service NSW/a_Find locations")): Object: 'Object Repository/Page_Search  Service NSW/a_Find locations' is clicked on

2023-06-17 12:01:51 - [MESSAGE][PASSED] - Object: 'Object Repository/Page_Search  Service NSW/a_Find locations' is clicked on

2023-06-17 12:01:51 - [TEST_STEP][PASSED] - setText(findTestObject("Object Repository/Page_Find a Service NSW location  Service NSW/InputSearch"), ""): Text '' is set on object 'Object Repository/Page_Find a Service NSW location  Service NSW/InputSearch'

2023-06-17 12:01:52 - [MESSAGE][PASSED] - Text '' is set on object 'Object Repository/Page_Find a Service NSW location  Service NSW/InputSearch'

2023-06-17 12:01:52 - [TEST_STEP][PASSED] - click(findTestObject("Object Repository/Page_Find a Service NSW location  Service NSW/button_Sydney Olympic Park 2127_button butt_9c60bd")): Object: 'Object Repository/Page_Find a Service NSW location  Service NSW/button_Sydney Olympic Park 2127_button butt_9c60bd' is clicked on

2023-06-17 12:01:53 - [MESSAGE][PASSED] - Object: 'Object Repository/Page_Find a Service NSW location  Service NSW/button_Sydney Olympic Park 2127_button butt_9c60bd' is clicked on

2023-06-17 12:01:53 - [TEST_STEP][PASSED] - closeBrowser(): Browser is closed

2023-06-17 12:01:54 - [MESSAGE][PASSED] - Browser is closed]]></system-out>
         <system-err><![CDATA[]]></system-err>
      </testcase>
      <testcase name="Test Cases/TC001" time="14.806" classname="Test Cases/TC001" status="PASSED">
         <system-out><![CDATA[2023-06-17 12:01:54 - [TEST_CASE][PASSED] - Test Cases/TC001: Test Cases/TC001

2023-06-17 12:01:54 - [TEST_STEP][PASSED] - openBrowser(""): Browser is opened with url: ''

2023-06-17 12:01:54 - [MESSAGE][INFO] - Starting 'Chrome' driver

2023-06-17 12:01:54 - [MESSAGE][INFO] - Action delay is set to 0 milliseconds

2023-06-17 12:01:55 - [MESSAGE][PASSED] - Browser is opened with url: ''

2023-06-17 12:01:55 - [TEST_STEP][PASSED] - navigateToUrl("https://www.service.nsw.gov.au/"): Navigate to 'https://www.service.nsw.gov.au/' successfully

2023-06-17 12:01:58 - [MESSAGE][PASSED] - Navigate to 'https://www.service.nsw.gov.au/' successfully

2023-06-17 12:01:58 - [TEST_STEP][PASSED] - setText(findTestObject("Object Repository/Page_Home  Service NSW/input_Service NSW makes it easier to find g_bdb6ca"), "Apply for a number plate"): Text 'Apply for a number plate' is set on object 'Object Repository/Page_Home  Service NSW/input_Service NSW makes it easier to find g_bdb6ca'

2023-06-17 12:01:59 - [MESSAGE][PASSED] - Text 'Apply for a number plate' is set on object 'Object Repository/Page_Home  Service NSW/input_Service NSW makes it easier to find g_bdb6ca'

2023-06-17 12:01:59 - [TEST_STEP][PASSED] - click(findTestObject("Object Repository/Page_Home  Service NSW/button_apply for a number plate_button butt_2c4e78")): Object: 'Object Repository/Page_Home  Service NSW/button_apply for a number plate_button butt_2c4e78' is clicked on

2023-06-17 12:02:03 - [MESSAGE][PASSED] - Object: 'Object Repository/Page_Home  Service NSW/button_apply for a number plate_button butt_2c4e78' is clicked on

2023-06-17 12:02:03 - [TEST_STEP][PASSED] - click(findTestObject("Object Repository/Page_Search  Service NSW/a_Find locations")): Object: 'Object Repository/Page_Search  Service NSW/a_Find locations' is clicked on

2023-06-17 12:02:06 - [MESSAGE][PASSED] - Object: 'Object Repository/Page_Search  Service NSW/a_Find locations' is clicked on

2023-06-17 12:02:06 - [TEST_STEP][PASSED] - setText(findTestObject("Object Repository/Page_Find a Service NSW location  Service NSW/InputSearch"), ""): Text '' is set on object 'Object Repository/Page_Find a Service NSW location  Service NSW/InputSearch'

2023-06-17 12:02:07 - [MESSAGE][PASSED] - Text '' is set on object 'Object Repository/Page_Find a Service NSW location  Service NSW/InputSearch'

2023-06-17 12:02:07 - [TEST_STEP][PASSED] - click(findTestObject("Object Repository/Page_Find a Service NSW location  Service NSW/button_Sydney Olympic Park 2127_button butt_9c60bd")): Object: 'Object Repository/Page_Find a Service NSW location  Service NSW/button_Sydney Olympic Park 2127_button butt_9c60bd' is clicked on

2023-06-17 12:02:08 - [MESSAGE][PASSED] - Object: 'Object Repository/Page_Find a Service NSW location  Service NSW/button_Sydney Olympic Park 2127_button butt_9c60bd' is clicked on

2023-06-17 12:02:08 - [TEST_STEP][PASSED] - closeBrowser(): Browser is closed

2023-06-17 12:02:08 - [MESSAGE][PASSED] - Browser is closed]]></system-out>
         <system-err><![CDATA[]]></system-err>
      </testcase>
      <system-out><![CDATA[2023-06-17 12:01:07 - [TEST_SUITE][PASSED] - Data_Locate: Test Cases/TC001]]></system-out>
      <system-err><![CDATA[]]></system-err>
   </testsuite>
</testsuites>
